<?xml version="1.0" encoding="UTF-8"?>
<coverage generated="1598177563398" clover="3.2.0">
  <project timestamp="1598177563398" name="All files">
    <metrics statements="45" coveredstatements="43" conditionals="31" coveredconditionals="25" methods="8" coveredmethods="7" elements="84" coveredelements="75" complexity="0" loc="45" ncloc="45" packages="2" files="2" classes="2"/>
    <package name="PAGINATION_URLS_GENERATION">
      <metrics statements="42" coveredstatements="40" conditionals="31" coveredconditionals="25" methods="8" coveredmethods="7"/>
      <file name="pagination_urls_getter.js" path="/home/madhu/Desktop/PERSONAL/JEST_TUTORIALS/PAGINATION_URLS_GENERATION/pagination_urls_getter.js">
        <metrics statements="42" coveredstatements="40" conditionals="31" coveredconditionals="25" methods="8" coveredmethods="7"/>
        <line num="1" count="1" type="stmt"/>
        <line num="2" count="1" type="stmt"/>
        <line num="3" count="1" type="stmt"/>
        <line num="7" count="9" type="stmt"/>
        <line num="8" count="9" type="cond" truecount="5" falsecount="0"/>
        <line num="9" count="5" type="stmt"/>
        <line num="10" count="5" type="stmt"/>
        <line num="11" count="5" type="stmt"/>
        <line num="12" count="5" type="cond" truecount="4" falsecount="0"/>
        <line num="13" count="3" type="stmt"/>
        <line num="14" count="3" type="stmt"/>
        <line num="15" count="3" type="cond" truecount="1" falsecount="1"/>
        <line num="16" count="3" type="stmt"/>
        <line num="17" count="3" type="stmt"/>
        <line num="18" count="3" type="stmt"/>
        <line num="19" count="3" type="stmt"/>
        <line num="20" count="3" type="cond" truecount="2" falsecount="0"/>
        <line num="21" count="3" type="stmt"/>
        <line num="22" count="9" type="stmt"/>
        <line num="23" count="9" type="stmt"/>
        <line num="26" count="3" type="stmt"/>
        <line num="30" count="6" type="stmt"/>
        <line num="42" count="3" type="stmt"/>
        <line num="43" count="3" type="stmt"/>
        <line num="44" count="3" type="cond" truecount="1" falsecount="1"/>
        <line num="45" count="3" type="cond" truecount="2" falsecount="2"/>
        <line num="46" count="3" type="stmt"/>
        <line num="49" count="0" type="stmt"/>
        <line num="53" count="0" type="stmt"/>
        <line num="58" count="1" type="cond" truecount="0" falsecount="2"/>
        <line num="67" count="1" type="stmt"/>
        <line num="68" count="15" type="cond" truecount="4" falsecount="0"/>
        <line num="80" count="1" type="stmt"/>
        <line num="81" count="15" type="cond" truecount="2" falsecount="0"/>
        <line num="82" count="2" type="stmt"/>
        <line num="97" count="3" type="stmt"/>
        <line num="100" count="10" type="stmt"/>
        <line num="101" count="10" type="stmt"/>
        <line num="102" count="843" type="cond" truecount="2" falsecount="0"/>
        <line num="103" count="449" type="stmt"/>
        <line num="105" count="10" type="stmt"/>
        <line num="111" count="1" type="stmt"/>
      </file>
    </package>
    <package name="PAGINATION_URLS_GENERATION.tests">
      <metrics statements="3" coveredstatements="3" conditionals="0" coveredconditionals="0" methods="0" coveredmethods="0"/>
      <file name="test_cases.js" path="/home/madhu/Desktop/PERSONAL/JEST_TUTORIALS/PAGINATION_URLS_GENERATION/tests/test_cases.js">
        <metrics statements="3" coveredstatements="3" conditionals="0" coveredconditionals="0" methods="0" coveredmethods="0"/>
        <line num="1" count="1" type="stmt"/>
        <line num="2" count="1" type="stmt"/>
        <line num="69" count="1" type="stmt"/>
      </file>
    </package>
  </project>
</coverage>
