{"/home/madhu/Desktop/PERSONAL/JEST_TUTORIALS/PAGINATION_URLS_GENERATION/pagination_urls_getter.js": {"path":"/home/madhu/Desktop/PERSONAL/JEST_TUTORIALS/PAGINATION_URLS_GENERATION/pagination_urls_getter.js","statementMap":{"0":{"start":{"line":1,"column":15},"end":{"line":1,"column":30}},"1":{"start":{"line":2,"column":12},"end":{"line":2,"column":25}},"2":{"start":{"line":3,"column":10},"end":{"line":3,"column":21}},"3":{"start":{"line":7,"column":23},"end":{"line":7,"column":25}},"4":{"start":{"line":8,"column":4},"end":{"line":29,"column":5}},"5":{"start":{"line":9,"column":18},"end":{"line":9,"column":49}},"6":{"start":{"line":10,"column":18},"end":{"line":10,"column":49}},"7":{"start":{"line":11,"column":8},"end":{"line":11,"column":28}},"8":{"start":{"line":12,"column":8},"end":{"line":27,"column":9}},"9":{"start":{"line":13,"column":39},"end":{"line":13,"column":66}},"10":{"start":{"line":14,"column":12},"end":{"line":14,"column":41}},"11":{"start":{"line":15,"column":12},"end":{"line":25,"column":13}},"12":{"start":{"line":16,"column":34},"end":{"line":16,"column":84}},"13":{"start":{"line":17,"column":16},"end":{"line":17,"column":56}},"14":{"start":{"line":18,"column":33},"end":{"line":18,"column":64}},"15":{"start":{"line":19,"column":29},"end":{"line":19,"column":90}},"16":{"start":{"line":20,"column":16},"end":{"line":20,"column":65}},"17":{"start":{"line":20,"column":54},"end":{"line":20,"column":65}},"18":{"start":{"line":21,"column":16},"end":{"line":24,"column":17}},"19":{"start":{"line":21,"column":33},"end":{"line":21,"column":34}},"20":{"start":{"line":22,"column":31},"end":{"line":22,"column":88}},"21":{"start":{"line":23,"column":20},"end":{"line":23,"column":47}},"22":{"start":{"line":26,"column":12},"end":{"line":26,"column":33}},"23":{"start":{"line":30,"column":4},"end":{"line":30,"column":25}},"24":{"start":{"line":42,"column":4},"end":{"line":54,"column":5}},"25":{"start":{"line":43,"column":27},"end":{"line":43,"column":34}},"26":{"start":{"line":44,"column":16},"end":{"line":44,"column":52}},"27":{"start":{"line":45,"column":8},"end":{"line":50,"column":9}},"28":{"start":{"line":46,"column":12},"end":{"line":46,"column":20}},"29":{"start":{"line":49,"column":12},"end":{"line":49,"column":22}},"30":{"start":{"line":53,"column":8},"end":{"line":53,"column":16}},"31":{"start":{"line":58,"column":21},"end":{"line":58,"column":42}},"32":{"start":{"line":58,"column":28},"end":{"line":58,"column":42}},"33":{"start":{"line":67,"column":20},"end":{"line":70,"column":9}},"34":{"start":{"line":68,"column":4},"end":{"line":70,"column":9}},"35":{"start":{"line":80,"column":17},"end":{"line":83,"column":1}},"36":{"start":{"line":81,"column":4},"end":{"line":81,"column":74}},"37":{"start":{"line":81,"column":26},"end":{"line":81,"column":74}},"38":{"start":{"line":82,"column":4},"end":{"line":82,"column":16}},"39":{"start":{"line":97,"column":12},"end":{"line":97,"column":55}},"40":{"start":{"line":97,"column":27},"end":{"line":97,"column":55}},"41":{"start":{"line":100,"column":14},"end":{"line":100,"column":16}},"42":{"start":{"line":101,"column":4},"end":{"line":104,"column":7}},"43":{"start":{"line":102,"column":6},"end":{"line":103,"column":21}},"44":{"start":{"line":103,"column":8},"end":{"line":103,"column":21}},"45":{"start":{"line":105,"column":4},"end":{"line":105,"column":16}},"46":{"start":{"line":111,"column":0},"end":{"line":113,"column":1}}},"fnMap":{"0":{"name":"get_pagination_urls","decl":{"start":{"line":6,"column":9},"end":{"line":6,"column":28}},"loc":{"start":{"line":6,"column":63},"end":{"line":31,"column":1}},"line":6},"1":{"name":"magicNumberGetter","decl":{"start":{"line":41,"column":9},"end":{"line":41,"column":26}},"loc":{"start":{"line":41,"column":40},"end":{"line":56,"column":1}},"line":41},"2":{"name":"(anonymous_2)","decl":{"start":{"line":58,"column":21},"end":{"line":58,"column":22}},"loc":{"start":{"line":58,"column":28},"end":{"line":58,"column":42}},"line":58},"3":{"name":"(anonymous_3)","decl":{"start":{"line":67,"column":20},"end":{"line":67,"column":21}},"loc":{"start":{"line":68,"column":4},"end":{"line":70,"column":9}},"line":68},"4":{"name":"(anonymous_4)","decl":{"start":{"line":80,"column":17},"end":{"line":80,"column":18}},"loc":{"start":{"line":80,"column":24},"end":{"line":83,"column":1}},"line":80},"5":{"name":"(anonymous_5)","decl":{"start":{"line":97,"column":12},"end":{"line":97,"column":13}},"loc":{"start":{"line":97,"column":27},"end":{"line":97,"column":55}},"line":97},"6":{"name":"findDiff","decl":{"start":{"line":99,"column":9},"end":{"line":99,"column":17}},"loc":{"start":{"line":99,"column":29},"end":{"line":106,"column":3}},"line":99},"7":{"name":"(anonymous_7)","decl":{"start":{"line":101,"column":27},"end":{"line":101,"column":28}},"loc":{"start":{"line":101,"column":43},"end":{"line":104,"column":5}},"line":101}},"branchMap":{"0":{"loc":{"start":{"line":6,"column":29},"end":{"line":6,"column":44}},"type":"default-arg","locations":[{"start":{"line":6,"column":42},"end":{"line":6,"column":44}}],"line":6},"1":{"loc":{"start":{"line":6,"column":46},"end":{"line":6,"column":61}},"type":"default-arg","locations":[{"start":{"line":6,"column":59},"end":{"line":6,"column":61}}],"line":6},"2":{"loc":{"start":{"line":8,"column":4},"end":{"line":29,"column":5}},"type":"if","locations":[{"start":{"line":8,"column":4},"end":{"line":29,"column":5}},{"start":{"line":8,"column":4},"end":{"line":29,"column":5}}],"line":8},"3":{"loc":{"start":{"line":8,"column":8},"end":{"line":8,"column":79}},"type":"binary-expr","locations":[{"start":{"line":8,"column":8},"end":{"line":8,"column":28}},{"start":{"line":8,"column":32},"end":{"line":8,"column":52}},{"start":{"line":8,"column":56},"end":{"line":8,"column":79}}],"line":8},"4":{"loc":{"start":{"line":12,"column":8},"end":{"line":27,"column":9}},"type":"if","locations":[{"start":{"line":12,"column":8},"end":{"line":27,"column":9}},{"start":{"line":12,"column":8},"end":{"line":27,"column":9}}],"line":12},"5":{"loc":{"start":{"line":12,"column":11},"end":{"line":12,"column":41}},"type":"binary-expr","locations":[{"start":{"line":12,"column":11},"end":{"line":12,"column":24}},{"start":{"line":12,"column":28},"end":{"line":12,"column":41}}],"line":12},"6":{"loc":{"start":{"line":15,"column":12},"end":{"line":25,"column":13}},"type":"if","locations":[{"start":{"line":15,"column":12},"end":{"line":25,"column":13}},{"start":{"line":15,"column":12},"end":{"line":25,"column":13}}],"line":15},"7":{"loc":{"start":{"line":20,"column":16},"end":{"line":20,"column":65}},"type":"if","locations":[{"start":{"line":20,"column":16},"end":{"line":20,"column":65}},{"start":{"line":20,"column":16},"end":{"line":20,"column":65}}],"line":20},"8":{"loc":{"start":{"line":44,"column":16},"end":{"line":44,"column":52}},"type":"cond-expr","locations":[{"start":{"line":44,"column":28},"end":{"line":44,"column":39}},{"start":{"line":44,"column":41},"end":{"line":44,"column":52}}],"line":44},"9":{"loc":{"start":{"line":45,"column":8},"end":{"line":50,"column":9}},"type":"if","locations":[{"start":{"line":45,"column":8},"end":{"line":50,"column":9}},{"start":{"line":45,"column":8},"end":{"line":50,"column":9}}],"line":45},"10":{"loc":{"start":{"line":45,"column":11},"end":{"line":45,"column":72}},"type":"binary-expr","locations":[{"start":{"line":45,"column":11},"end":{"line":45,"column":41}},{"start":{"line":45,"column":45},"end":{"line":45,"column":72}}],"line":45},"11":{"loc":{"start":{"line":58,"column":28},"end":{"line":58,"column":42}},"type":"binary-expr","locations":[{"start":{"line":58,"column":28},"end":{"line":58,"column":34}},{"start":{"line":58,"column":36},"end":{"line":58,"column":42}}],"line":58},"12":{"loc":{"start":{"line":68,"column":4},"end":{"line":70,"column":9}},"type":"cond-expr","locations":[{"start":{"line":69,"column":4},"end":{"line":69,"column":8}},{"start":{"line":70,"column":4},"end":{"line":70,"column":9}}],"line":68},"13":{"loc":{"start":{"line":68,"column":4},"end":{"line":68,"column":28}},"type":"binary-expr","locations":[{"start":{"line":68,"column":4},"end":{"line":68,"column":8}},{"start":{"line":68,"column":12},"end":{"line":68,"column":28}}],"line":68},"14":{"loc":{"start":{"line":81,"column":4},"end":{"line":81,"column":74}},"type":"if","locations":[{"start":{"line":81,"column":4},"end":{"line":81,"column":74}},{"start":{"line":81,"column":4},"end":{"line":81,"column":74}}],"line":81},"15":{"loc":{"start":{"line":102,"column":6},"end":{"line":103,"column":21}},"type":"if","locations":[{"start":{"line":102,"column":6},"end":{"line":103,"column":21}},{"start":{"line":102,"column":6},"end":{"line":103,"column":21}}],"line":102}},"s":{"0":1,"1":1,"2":1,"3":9,"4":9,"5":5,"6":5,"7":5,"8":5,"9":3,"10":3,"11":3,"12":3,"13":3,"14":3,"15":3,"16":3,"17":1,"18":3,"19":3,"20":9,"21":9,"22":3,"23":6,"24":3,"25":3,"26":3,"27":3,"28":3,"29":0,"30":0,"31":1,"32":0,"33":1,"34":15,"35":1,"36":15,"37":13,"38":2,"39":1,"40":3,"41":10,"42":10,"43":843,"44":449,"45":10,"46":1},"f":{"0":9,"1":3,"2":0,"3":15,"4":15,"5":3,"6":10,"7":843},"b":{"0":[1],"1":[1],"2":[5,4],"3":[9,6,6],"4":[3,2],"5":[5,3],"6":[3,0],"7":[1,2],"8":[3,0],"9":[3,0],"10":[3,0],"11":[0,0],"12":[13,2],"13":[15,13],"14":[13,2],"15":[449,394]},"_coverageSchema":"1a1c01bbd47fc00a2c39e90264f33305004495a9","hash":"ddc4210b59f30c0b3cee4ea9b6a8a0da122dd325"}
,"/home/madhu/Desktop/PERSONAL/JEST_TUTORIALS/PAGINATION_URLS_GENERATION/tests/test_cases.js": {"path":"/home/madhu/Desktop/PERSONAL/JEST_TUTORIALS/PAGINATION_URLS_GENERATION/tests/test_cases.js","statementMap":{"0":{"start":{"line":1,"column":14},"end":{"line":1,"column":30}},"1":{"start":{"line":2,"column":40},"end":{"line":65,"column":1}},"2":{"start":{"line":69,"column":0},"end":{"line":71,"column":1}}},"fnMap":{},"branchMap":{},"s":{"0":1,"1":1,"2":1},"f":{},"b":{},"_coverageSchema":"1a1c01bbd47fc00a2c39e90264f33305004495a9","hash":"967165c8ea01e3cd98486519c5931e30bf01d537"}
}
