TN:
SF:pagination_urls_getter.js
FN:6,get_pagination_urls
FN:41,magicNumberGetter
FN:58,(anonymous_2)
FN:67,(anonymous_3)
FN:80,(anonymous_4)
FN:97,(anonymous_5)
FN:99,findDiff
FN:101,(anonymous_7)
FNF:8
FNH:7
FNDA:9,get_pagination_urls
FNDA:3,magicNumberGetter
FNDA:0,(anonymous_2)
FNDA:15,(anonymous_3)
FNDA:15,(anonymous_4)
FNDA:3,(anonymous_5)
FNDA:10,findDiff
FNDA:843,(anonymous_7)
DA:1,1
DA:2,1
DA:3,1
DA:7,9
DA:8,9
DA:9,5
DA:10,5
DA:11,5
DA:12,5
DA:13,3
DA:14,3
DA:15,3
DA:16,3
DA:17,3
DA:18,3
DA:19,3
DA:20,3
DA:21,3
DA:22,9
DA:23,9
DA:26,3
DA:30,6
DA:42,3
DA:43,3
DA:44,3
DA:45,3
DA:46,3
DA:49,0
DA:53,0
DA:58,1
DA:67,1
DA:68,15
DA:80,1
DA:81,15
DA:82,2
DA:97,3
DA:100,10
DA:101,10
DA:102,843
DA:103,449
DA:105,10
DA:111,1
LF:42
LH:40
BRDA:6,0,0,1
BRDA:6,1,0,1
BRDA:8,2,0,5
BRDA:8,2,1,4
BRDA:8,3,0,9
BRDA:8,3,1,6
BRDA:8,3,2,6
BRDA:12,4,0,3
BRDA:12,4,1,2
BRDA:12,5,0,5
BRDA:12,5,1,3
BRDA:15,6,0,3
BRDA:15,6,1,0
BRDA:20,7,0,1
BRDA:20,7,1,2
BRDA:44,8,0,3
BRDA:44,8,1,0
BRDA:45,9,0,3
BRDA:45,9,1,0
BRDA:45,10,0,3
BRDA:45,10,1,0
BRDA:58,11,0,0
BRDA:58,11,1,0
BRDA:68,12,0,13
BRDA:68,12,1,2
BRDA:68,13,0,15
BRDA:68,13,1,13
BRDA:81,14,0,13
BRDA:81,14,1,2
BRDA:102,15,0,449
BRDA:102,15,1,394
BRF:31
BRH:25
end_of_record
TN:
SF:tests/test_cases.js
FNF:0
FNH:0
DA:1,1
DA:2,1
DA:69,1
LF:3
LH:3
BRF:0
BRH:0
end_of_record
